;  LST file generated by mikroListExporter - v.2.0 
; Date/Time: 21/11/2023 15:55:58
;----------------------------------------------

;Address Opcode 	ASM
0x0000	0xF002EFC3  	GOTO        1414
0x0004	0x0000      	NOP
0x0006	0x0000      	NOP
0x0008	0xF000EF00  	GOTO        0
0x000C	0x0000      	NOP
0x000E	0x0000      	NOP
0x0010	0x0000      	NOP
0x0012	0x0000      	NOP
0x0014	0x0000      	NOP
0x0016	0x0000      	NOP
0x0018	0xD7F3      	BRA         0
_Delay_1us:
;__Lib_Delays.c,7 :: 		void Delay_1us() {
;__Lib_Delays.c,8 :: 		Delay_us(1);
0x001C	0x0000      	NOP
0x001E	0x0000      	NOP
;__Lib_Delays.c,9 :: 		}
L_end_Delay_1us:
0x0020	0x0012      	RETURN      0
; end of _Delay_1us
_Delay_50us:
;__Lib_Delays.c,19 :: 		void Delay_50us() {
;__Lib_Delays.c,20 :: 		Delay_us(50);
0x0022	0x0E21      	MOVLW       33
0x0024	0x6E0D      	MOVWF       R13, 0
L_Delay_50us2:
0x0026	0x2E0D      	DECFSZ      R13, 1, 0
0x0028	0xD7FE      	BRA         L_Delay_50us2
;__Lib_Delays.c,21 :: 		}
L_end_Delay_50us:
0x002A	0x0012      	RETURN      0
; end of _Delay_50us
_Delay_5500us:
;__Lib_Delays.c,31 :: 		void Delay_5500us() {
;__Lib_Delays.c,32 :: 		Delay_us(5500);
0x002C	0x0E0F      	MOVLW       15
0x002E	0x6E0C      	MOVWF       R12, 0
0x0030	0x0E47      	MOVLW       71
0x0032	0x6E0D      	MOVWF       R13, 0
L_Delay_5500us5:
0x0034	0x2E0D      	DECFSZ      R13, 1, 0
0x0036	0xD7FE      	BRA         L_Delay_5500us5
0x0038	0x2E0C      	DECFSZ      R12, 1, 0
0x003A	0xD7FC      	BRA         L_Delay_5500us5
0x003C	0x0000      	NOP
0x003E	0x0000      	NOP
;__Lib_Delays.c,33 :: 		}
L_end_Delay_5500us:
0x0040	0x0012      	RETURN      0
; end of _Delay_5500us
_SETFUN32:
;__Lib_MathDouble.c,144 :: 		
;__Lib_MathDouble.c,152 :: 		
0x0042	0x840B      	BSF         R11, 2, 0
;__Lib_MathDouble.c,153 :: 		
0x0044	0xAE0B      	BTFSS       R11, 7, 0
;__Lib_MathDouble.c,154 :: 		
0x0046	0xF000EF2C  	GOTO        SETFUN32EEE
;__Lib_MathDouble.c,156 :: 		
0x004A	0x0E01      	MOVLW       1
;__Lib_MathDouble.c,157 :: 		
0x004C	0x6E03      	MOVWF       R3, 0
;__Lib_MathDouble.c,158 :: 		
0x004E	0x6A02      	CLRF        R2, 0
;__Lib_MathDouble.c,159 :: 		
0x0050	0x6A01      	CLRF        R1, 0
;__Lib_MathDouble.c,160 :: 		
0x0052	0x6A00      	CLRF        R0, 0
;__Lib_MathDouble.c,161 :: 		
0x0054	0x360A      	RLCF        R10, 1, 0
;__Lib_MathDouble.c,162 :: 		
0x0056	0x3202      	RRCF        R2, 1, 0
;__Lib_MathDouble.c,163 :: 		
SETFUN32EEE:
;__Lib_MathDouble.c,164 :: 		
0x0058	0x0EFF      	MOVLW       255
;__Lib_MathDouble.c,166 :: 		
L_end_SETFUN32:
0x005A	0x0012      	RETURN      0
; end of _SETFUN32
_RES032:
;__Lib_MathDouble.c,128 :: 		
;__Lib_MathDouble.c,134 :: 		
0x005C	0x6A02      	CLRF        R2, 0
;__Lib_MathDouble.c,135 :: 		
0x005E	0x6A01      	CLRF        R1, 0
;__Lib_MathDouble.c,136 :: 		
0x0060	0x6A00      	CLRF        R0, 0
;__Lib_MathDouble.c,137 :: 		
0x0062	0x6A08      	CLRF        R8, 0
;__Lib_MathDouble.c,138 :: 		
0x0064	0x6A03      	CLRF        R3, 0
;__Lib_MathDouble.c,139 :: 		
0x0066	0x0E00      	MOVLW       0
;__Lib_MathDouble.c,141 :: 		
L_end_RES032:
0x0068	0x0012      	RETURN      0
; end of _RES032
_Lcd_Cmd:
;__Lib_Lcd.c,18 :: 		
;__Lib_Lcd.c,20 :: 		
0x006A	0xBE33      	BTFSC       FARG_Lcd_Cmd_out_char, 7 
0x006C	0xD002      	BRA         L__Lcd_Cmd21
0x006E	0x968A      	BCF         LCD_D7, BitPos(LCD_D7+0) 
0x0070	0xD001      	BRA         L__Lcd_Cmd22
L__Lcd_Cmd21:
0x0072	0x868A      	BSF         LCD_D7, BitPos(LCD_D7+0) 
L__Lcd_Cmd22:
;__Lib_Lcd.c,21 :: 		
0x0074	0xBC33      	BTFSC       FARG_Lcd_Cmd_out_char, 6 
0x0076	0xD002      	BRA         L__Lcd_Cmd23
0x0078	0x948A      	BCF         LCD_D6, BitPos(LCD_D6+0) 
0x007A	0xD001      	BRA         L__Lcd_Cmd24
L__Lcd_Cmd23:
0x007C	0x848A      	BSF         LCD_D6, BitPos(LCD_D6+0) 
L__Lcd_Cmd24:
;__Lib_Lcd.c,22 :: 		
0x007E	0xBA33      	BTFSC       FARG_Lcd_Cmd_out_char, 5 
0x0080	0xD002      	BRA         L__Lcd_Cmd25
0x0082	0x928A      	BCF         LCD_D5, BitPos(LCD_D5+0) 
0x0084	0xD001      	BRA         L__Lcd_Cmd26
L__Lcd_Cmd25:
0x0086	0x828A      	BSF         LCD_D5, BitPos(LCD_D5+0) 
L__Lcd_Cmd26:
;__Lib_Lcd.c,23 :: 		
0x0088	0xB833      	BTFSC       FARG_Lcd_Cmd_out_char, 4 
0x008A	0xD002      	BRA         L__Lcd_Cmd27
0x008C	0x908A      	BCF         LCD_D4, BitPos(LCD_D4+0) 
0x008E	0xD001      	BRA         L__Lcd_Cmd28
L__Lcd_Cmd27:
0x0090	0x808A      	BSF         LCD_D4, BitPos(LCD_D4+0) 
L__Lcd_Cmd28:
;__Lib_Lcd.c,25 :: 		
0x0092	0xB01C      	BTFSC       __Lib_Lcd_cmd_status, BitPos(__Lib_Lcd_cmd_status+0) 
0x0094	0xD002      	BRA         L__Lcd_Cmd29
0x0096	0x888A      	BSF         LCD_RS, BitPos(LCD_RS+0) 
0x0098	0xD001      	BRA         L__Lcd_Cmd30
L__Lcd_Cmd29:
0x009A	0x988A      	BCF         LCD_RS, BitPos(LCD_RS+0) 
L__Lcd_Cmd30:
;__Lib_Lcd.c,28 :: 		
0x009C	0x8A8A      	BSF         LCD_EN, BitPos(LCD_EN+0) 
;__Lib_Lcd.c,29 :: 		
0x009E	0xDFBE      	RCALL       _Delay_1us
;__Lib_Lcd.c,30 :: 		
0x00A0	0x9A8A      	BCF         LCD_EN, BitPos(LCD_EN+0) 
;__Lib_Lcd.c,33 :: 		
0x00A2	0xB633      	BTFSC       FARG_Lcd_Cmd_out_char, 3 
0x00A4	0xD002      	BRA         L__Lcd_Cmd31
0x00A6	0x968A      	BCF         LCD_D7, BitPos(LCD_D7+0) 
0x00A8	0xD001      	BRA         L__Lcd_Cmd32
L__Lcd_Cmd31:
0x00AA	0x868A      	BSF         LCD_D7, BitPos(LCD_D7+0) 
L__Lcd_Cmd32:
;__Lib_Lcd.c,34 :: 		
0x00AC	0xB433      	BTFSC       FARG_Lcd_Cmd_out_char, 2 
0x00AE	0xD002      	BRA         L__Lcd_Cmd33
0x00B0	0x948A      	BCF         LCD_D6, BitPos(LCD_D6+0) 
0x00B2	0xD001      	BRA         L__Lcd_Cmd34
L__Lcd_Cmd33:
0x00B4	0x848A      	BSF         LCD_D6, BitPos(LCD_D6+0) 
L__Lcd_Cmd34:
;__Lib_Lcd.c,35 :: 		
0x00B6	0xB233      	BTFSC       FARG_Lcd_Cmd_out_char, 1 
0x00B8	0xD002      	BRA         L__Lcd_Cmd35
0x00BA	0x928A      	BCF         LCD_D5, BitPos(LCD_D5+0) 
0x00BC	0xD001      	BRA         L__Lcd_Cmd36
L__Lcd_Cmd35:
0x00BE	0x828A      	BSF         LCD_D5, BitPos(LCD_D5+0) 
L__Lcd_Cmd36:
;__Lib_Lcd.c,36 :: 		
0x00C0	0xB033      	BTFSC       FARG_Lcd_Cmd_out_char, 0 
0x00C2	0xD002      	BRA         L__Lcd_Cmd37
0x00C4	0x908A      	BCF         LCD_D4, BitPos(LCD_D4+0) 
0x00C6	0xD001      	BRA         L__Lcd_Cmd38
L__Lcd_Cmd37:
0x00C8	0x808A      	BSF         LCD_D4, BitPos(LCD_D4+0) 
L__Lcd_Cmd38:
;__Lib_Lcd.c,38 :: 		
0x00CA	0xB01C      	BTFSC       __Lib_Lcd_cmd_status, BitPos(__Lib_Lcd_cmd_status+0) 
0x00CC	0xD002      	BRA         L__Lcd_Cmd39
0x00CE	0x888A      	BSF         LCD_RS, BitPos(LCD_RS+0) 
0x00D0	0xD001      	BRA         L__Lcd_Cmd40
L__Lcd_Cmd39:
0x00D2	0x988A      	BCF         LCD_RS, BitPos(LCD_RS+0) 
L__Lcd_Cmd40:
;__Lib_Lcd.c,40 :: 		
0x00D4	0x8A8A      	BSF         LCD_EN, BitPos(LCD_EN+0) 
;__Lib_Lcd.c,41 :: 		
0x00D6	0xDFA2      	RCALL       _Delay_1us
;__Lib_Lcd.c,42 :: 		
0x00D8	0x9A8A      	BCF         LCD_EN, BitPos(LCD_EN+0) 
;__Lib_Lcd.c,44 :: 		
0x00DA	0xA01C      	BTFSS       __Lib_Lcd_cmd_status, BitPos(__Lib_Lcd_cmd_status+0) 
0x00DC	0xD002      	BRA         L_Lcd_Cmd0
;__Lib_Lcd.c,45 :: 		
0x00DE	0xDFA6      	RCALL       _Delay_5500us
0x00E0	0xD001      	BRA         L_Lcd_Cmd1
L_Lcd_Cmd0:
;__Lib_Lcd.c,47 :: 		
0x00E2	0xDF9F      	RCALL       _Delay_50us
L_Lcd_Cmd1:
;__Lib_Lcd.c,48 :: 		
L_end_Lcd_Cmd:
0x00E4	0x0012      	RETURN      0
; end of _Lcd_Cmd
_FIXSIGN32:
;__Lib_MathDouble.c,117 :: 		
;__Lib_MathDouble.c,121 :: 		
0x00E6	0xAE0A      	BTFSS       R10, 7, 0
;__Lib_MathDouble.c,122 :: 		
0x00E8	0x9E02      	BCF         R2, 7, 0
;__Lib_MathDouble.c,123 :: 		
0x00EA	0x0E00      	MOVLW       0
;__Lib_MathDouble.c,125 :: 		
L_end_FIXSIGN32:
0x00EC	0x0012      	RETURN      0
; end of _FIXSIGN32
_SETIOV3224:
;__Lib_MathDouble.c,530 :: 		
;__Lib_MathDouble.c,537 :: 		
0x00EE	0x800B      	BSF         R11, 0, 0
;__Lib_MathDouble.c,538 :: 		
0x00F0	0xAE0B      	BTFSS       R11, 7, 0
;__Lib_MathDouble.c,539 :: 		
0x00F2	0xF000EF83  	GOTO        SETIOV3224EEE
;__Lib_MathDouble.c,541 :: 		
0x00F6	0x6A02      	CLRF        R2, 0
;__Lib_MathDouble.c,542 :: 		
0x00F8	0xAE0A      	BTFSS       R10, 7, 0
;__Lib_MathDouble.c,543 :: 		
0x00FA	0x0EFF      	MOVLW       255
;__Lib_MathDouble.c,544 :: 		
0x00FC	0x6E02      	MOVWF       R2, 0
;__Lib_MathDouble.c,545 :: 		
0x00FE	0x6E01      	MOVWF       R1, 0
;__Lib_MathDouble.c,546 :: 		
0x0100	0x6E00      	MOVWF       R0, 0
;__Lib_MathDouble.c,547 :: 		
0x0102	0x360A      	RLCF        R10, 1, 0
;__Lib_MathDouble.c,548 :: 		
0x0104	0x3202      	RRCF        R2, 1, 0
;__Lib_MathDouble.c,549 :: 		
SETIOV3224EEE:
;__Lib_MathDouble.c,550 :: 		
0x0106	0x0EFF      	MOVLW       255
;__Lib_MathDouble.c,552 :: 		
L_end_SETIOV3224:
0x0108	0x0012      	RETURN      0
; end of _SETIOV3224
_Delay_22us:
;__Lib_Delays.c,15 :: 		void Delay_22us() {
;__Lib_Delays.c,16 :: 		Delay_us(22);
0x010A	0x0E0E      	MOVLW       14
0x010C	0x6E0D      	MOVWF       R13, 0
L_Delay_22us1:
0x010E	0x2E0D      	DECFSZ      R13, 1, 0
0x0110	0xD7FE      	BRA         L_Delay_22us1
0x0112	0x0000      	NOP
;__Lib_Delays.c,17 :: 		}
L_end_Delay_22us:
0x0114	0x0012      	RETURN      0
; end of _Delay_22us
_NRM3232:
;__Lib_MathDouble.c,455 :: 		
;__Lib_MathDouble.c,463 :: 		
0x0116	0x6A0C      	CLRF        R12, 0
;__Lib_MathDouble.c,464 :: 		
0x0118	0x6A0E      	CLRF        R14, 0
;__Lib_MathDouble.c,465 :: 		
0x011A	0x5002      	MOVF        R2, 0, 0
;__Lib_MathDouble.c,466 :: 		
0x011C	0xA4D8      	BTFSS       STATUS, 2, 0
;__Lib_MathDouble.c,467 :: 		
0x011E	0xF000EFA4  	GOTO        NORM3232
;__Lib_MathDouble.c,468 :: 		
0x0122	0xF002C001  	MOVFF       R1, R2
;__Lib_MathDouble.c,469 :: 		
0x0126	0xF001C000  	MOVFF       R0, R1
;__Lib_MathDouble.c,470 :: 		
0x012A	0x6A00      	CLRF        R0, 0
;__Lib_MathDouble.c,471 :: 		
0x012C	0x860E      	BSF         R14, 3, 0
;__Lib_MathDouble.c,473 :: 		
0x012E	0x5002      	MOVF        R2, 0, 0
;__Lib_MathDouble.c,474 :: 		
0x0130	0xA4D8      	BTFSS       STATUS, 2, 0
;__Lib_MathDouble.c,475 :: 		
0x0132	0xF000EFA4  	GOTO        NORM3232
;__Lib_MathDouble.c,476 :: 		
0x0136	0xF002C001  	MOVFF       R1, R2
;__Lib_MathDouble.c,477 :: 		
0x013A	0x6A01      	CLRF        R1, 0
;__Lib_MathDouble.c,478 :: 		
0x013C	0x960E      	BCF         R14, 3, 0
;__Lib_MathDouble.c,479 :: 		
0x013E	0x880E      	BSF         R14, 4, 0
;__Lib_MathDouble.c,481 :: 		
0x0140	0x5002      	MOVF        R2, 0, 0
;__Lib_MathDouble.c,482 :: 		
0x0142	0xB4D8      	BTFSC       STATUS, 2, 0
;__Lib_MathDouble.c,483 :: 		
0x0144	0xF000EFB6  	GOTO        JPNRES032
;__Lib_MathDouble.c,484 :: 		
NORM3232:
;__Lib_MathDouble.c,485 :: 		
0x0148	0x500E      	MOVF        R14, 0, 0
;__Lib_MathDouble.c,486 :: 		
0x014A	0x5E03      	SUBWF       R3, 1, 0
;__Lib_MathDouble.c,487 :: 		
0x014C	0xA4D8      	BTFSS       STATUS, 2, 0
;__Lib_MathDouble.c,488 :: 		
0x014E	0xA0D8      	BTFSS       STATUS, 0, 0
;__Lib_MathDouble.c,489 :: 		
0x0150	0xF000EFBB  	GOTO        JPNSETFUN32
;__Lib_MathDouble.c,490 :: 		
0x0154	0x90D8      	BCF         STATUS, 0, 0
;__Lib_MathDouble.c,491 :: 		
NORM3232A:
;__Lib_MathDouble.c,492 :: 		
0x0156	0xBE02      	BTFSC       R2, 7, 0
;__Lib_MathDouble.c,493 :: 		
0x0158	0xF000EFC0  	GOTO        JMPNFIXSIGN32
;__Lib_MathDouble.c,494 :: 		
0x015C	0x3600      	RLCF        R0, 1, 0
;__Lib_MathDouble.c,495 :: 		
0x015E	0x3601      	RLCF        R1, 1, 0
;__Lib_MathDouble.c,496 :: 		
0x0160	0x3602      	RLCF        R2, 1, 0
;__Lib_MathDouble.c,497 :: 		
0x0162	0x2E03      	DECFSZ      R3, 1, 0
;__Lib_MathDouble.c,498 :: 		
0x0164	0xF000EFAB  	GOTO        NORM3232A
;__Lib_MathDouble.c,499 :: 		
0x0168	0xF000EFBB  	GOTO        JPNSETFUN32
;__Lib_MathDouble.c,500 :: 		
JPNRES032:
;__Lib_MathDouble.c,501 :: 		
0x016C	0x0E01      	MOVLW       1
;__Lib_MathDouble.c,502 :: 		
0x016E	0x6E0C      	MOVWF       R12, 0
;__Lib_MathDouble.c,504 :: 		
0x0170	0xDF75      	RCALL       _RES032
;__Lib_MathDouble.c,506 :: 		
0x0172	0xF000EFC3  	GOTO        NORM32EEE
;__Lib_MathDouble.c,507 :: 		
JPNSETFUN32:
;__Lib_MathDouble.c,508 :: 		
0x0176	0x0E02      	MOVLW       2
;__Lib_MathDouble.c,509 :: 		
0x0178	0x6E0C      	MOVWF       R12, 0
;__Lib_MathDouble.c,511 :: 		
0x017A	0xDF63      	RCALL       _SETFUN32
;__Lib_MathDouble.c,513 :: 		
0x017C	0xF000EFC3  	GOTO        NORM32EEE
;__Lib_MathDouble.c,514 :: 		
JMPNFIXSIGN32:
;__Lib_MathDouble.c,515 :: 		
0x0180	0x0E04      	MOVLW       4
;__Lib_MathDouble.c,516 :: 		
0x0182	0x6E0C      	MOVWF       R12, 0
;__Lib_MathDouble.c,518 :: 		
0x0184	0xDFB0      	RCALL       _FIXSIGN32
;__Lib_MathDouble.c,520 :: 		
NORM32EEE:
;__Lib_MathDouble.c,527 :: 		
L_end_NRM3232:
0x0186	0x0012      	RETURN      0
; end of _NRM3232
_Lcd_Chr_CP:
;__Lib_Lcd.c,50 :: 		
;__Lib_Lcd.c,52 :: 		
0x0188	0x901C      	BCF         __Lib_Lcd_cmd_status, BitPos(__Lib_Lcd_cmd_status+0) 
;__Lib_Lcd.c,53 :: 		
0x018A	0xF033C032  	MOVFF       FARG_Lcd_Chr_CP_out_char, FARG_Lcd_Cmd_out_char
0x018E	0xDF6D      	RCALL       _Lcd_Cmd
;__Lib_Lcd.c,54 :: 		
0x0190	0x801C      	BSF         __Lib_Lcd_cmd_status, BitPos(__Lib_Lcd_cmd_status+0) 
;__Lib_Lcd.c,55 :: 		
L_end_Lcd_Chr_CP:
0x0192	0x0012      	RETURN      0
; end of _Lcd_Chr_CP
_SETFOV32:
;__Lib_MathDouble.c,82 :: 		
;__Lib_MathDouble.c,90 :: 		
0x0194	0x820B      	BSF         R11, 1, 0
;__Lib_MathDouble.c,91 :: 		
0x0196	0xAE0B      	BTFSS       R11, 7, 0
;__Lib_MathDouble.c,92 :: 		
0x0198	0xF000EFD4  	GOTO        SETFOV32EEE
;__Lib_MathDouble.c,94 :: 		
0x019C	0x6803      	SETF        R3, 0
;__Lib_MathDouble.c,95 :: 		
0x019E	0x6802      	SETF        R2, 0
;__Lib_MathDouble.c,96 :: 		
0x01A0	0x6801      	SETF        R1, 0
;__Lib_MathDouble.c,97 :: 		
0x01A2	0x6800      	SETF        R0, 0
;__Lib_MathDouble.c,98 :: 		
0x01A4	0x360A      	RLCF        R10, 1, 0
;__Lib_MathDouble.c,99 :: 		
0x01A6	0x3202      	RRCF        R2, 1, 0
;__Lib_MathDouble.c,100 :: 		
SETFOV32EEE:
;__Lib_MathDouble.c,101 :: 		
0x01A8	0x0EFF      	MOVLW       255
;__Lib_MathDouble.c,103 :: 		
L_end_SETFOV32:
0x01AA	0x0012      	RETURN      0
; end of _SETFOV32
___CC2DW:
;__Lib_System.c,21 :: 		
;__Lib_System.c,23 :: 		
_CC2DL_Loop1:
;__Lib_System.c,24 :: 		
0x01AC	0x0009      	TBLRD*+
;__Lib_System.c,25 :: 		
0x01AE	0xFFE6CFF5  	MOVFF       TABLAT, POSTINC1
;__Lib_System.c,26 :: 		
0x01B2	0x0600      	DECF        R0, 1, 0
;__Lib_System.c,27 :: 		
0x01B4	0xE1FB      	BNZ         _CC2DL_Loop1
;__Lib_System.c,28 :: 		
0x01B6	0x0601      	DECF        R1, 1, 0
;__Lib_System.c,29 :: 		
0x01B8	0xE1F9      	BNZ         _CC2DL_Loop1
;__Lib_System.c,31 :: 		
L_end___CC2DW:
0x01BA	0x0012      	RETURN      0
; end of ___CC2DW
_Lcd_Out:
;__Lib_Lcd.c,184 :: 		
;__Lib_Lcd.c,187 :: 		
0x01BC	0xD00F      	BRA         L_Lcd_Out11
;__Lib_Lcd.c,188 :: 		
L_Lcd_Out13:
0x01BE	0x0E80      	MOVLW       128
0x01C0	0x6E2D      	MOVWF       FARG_Lcd_Out_row 
0x01C2	0xD019      	BRA         L_Lcd_Out12
;__Lib_Lcd.c,189 :: 		
L_Lcd_Out14:
0x01C4	0x0EC0      	MOVLW       192
0x01C6	0x6E2D      	MOVWF       FARG_Lcd_Out_row 
0x01C8	0xD016      	BRA         L_Lcd_Out12
;__Lib_Lcd.c,190 :: 		
L_Lcd_Out15:
0x01CA	0x0E94      	MOVLW       148
0x01CC	0x6E2D      	MOVWF       FARG_Lcd_Out_row 
0x01CE	0xD013      	BRA         L_Lcd_Out12
;__Lib_Lcd.c,191 :: 		
L_Lcd_Out16:
0x01D0	0x0ED4      	MOVLW       212
0x01D2	0x6E2D      	MOVWF       FARG_Lcd_Out_row 
0x01D4	0xD010      	BRA         L_Lcd_Out12
;__Lib_Lcd.c,192 :: 		
L_Lcd_Out17:
0x01D6	0x0E80      	MOVLW       128
0x01D8	0x6E2D      	MOVWF       FARG_Lcd_Out_row 
;__Lib_Lcd.c,193 :: 		
0x01DA	0xD00D      	BRA         L_Lcd_Out12
L_Lcd_Out11:
0x01DC	0x502D      	MOVF        FARG_Lcd_Out_row, 0 
0x01DE	0x0A01      	XORLW       1
0x01E0	0xE0EE      	BZ          L_Lcd_Out13
0x01E2	0x502D      	MOVF        FARG_Lcd_Out_row, 0 
0x01E4	0x0A02      	XORLW       2
0x01E6	0xE0EE      	BZ          L_Lcd_Out14
0x01E8	0x502D      	MOVF        FARG_Lcd_Out_row, 0 
0x01EA	0x0A03      	XORLW       3
0x01EC	0xE0EE      	BZ          L_Lcd_Out15
0x01EE	0x502D      	MOVF        FARG_Lcd_Out_row, 0 
0x01F0	0x0A04      	XORLW       4
0x01F2	0xE0EE      	BZ          L_Lcd_Out16
0x01F4	0xD7F0      	BRA         L_Lcd_Out17
L_Lcd_Out12:
;__Lib_Lcd.c,194 :: 		
0x01F6	0x042E      	DECF        FARG_Lcd_Out_column, 0 
0x01F8	0x6E00      	MOVWF       R0 
0x01FA	0x502D      	MOVF        FARG_Lcd_Out_row, 0 
0x01FC	0x2600      	ADDWF       R0, 1 
0x01FE	0xF02DC000  	MOVFF       R0, FARG_Lcd_Out_row
;__Lib_Lcd.c,196 :: 		
0x0202	0xF033C000  	MOVFF       R0, FARG_Lcd_Cmd_out_char
0x0206	0xDF31      	RCALL       _Lcd_Cmd
;__Lib_Lcd.c,197 :: 		
0x0208	0x901C      	BCF         __Lib_Lcd_cmd_status, BitPos(__Lib_Lcd_cmd_status+0) 
;__Lib_Lcd.c,198 :: 		
0x020A	0x6A31      	CLRF        Lcd_Out_i_L0 
;__Lib_Lcd.c,199 :: 		
L_Lcd_Out18:
0x020C	0x5031      	MOVF        Lcd_Out_i_L0, 0 
0x020E	0x242F      	ADDWF       FARG_Lcd_Out_text, 0 
0x0210	0x6EE9      	MOVWF       FSR0L 
0x0212	0x0E00      	MOVLW       0
0x0214	0x2030      	ADDWFC      FARG_Lcd_Out_text+1, 0 
0x0216	0x6EEA      	MOVWF       FSR0L+1 
0x0218	0x52EE      	MOVF        POSTINC0, 1 
0x021A	0xE00B      	BZ          L_Lcd_Out19
;__Lib_Lcd.c,200 :: 		
0x021C	0x5031      	MOVF        Lcd_Out_i_L0, 0 
0x021E	0x242F      	ADDWF       FARG_Lcd_Out_text, 0 
0x0220	0x6EE9      	MOVWF       FSR0L 
0x0222	0x0E00      	MOVLW       0
0x0224	0x2030      	ADDWFC      FARG_Lcd_Out_text+1, 0 
0x0226	0x6EEA      	MOVWF       FSR0L+1 
0x0228	0xF032CFEE  	MOVFF       POSTINC0, FARG_Lcd_Chr_CP_out_char
0x022C	0xDFAD      	RCALL       _Lcd_Chr_CP
0x022E	0x2A31      	INCF        Lcd_Out_i_L0, 1 
0x0230	0xD7ED      	BRA         L_Lcd_Out18
L_Lcd_Out19:
;__Lib_Lcd.c,201 :: 		
0x0232	0x801C      	BSF         __Lib_Lcd_cmd_status, BitPos(__Lib_Lcd_cmd_status+0) 
;__Lib_Lcd.c,202 :: 		
L_end_Lcd_Out:
0x0234	0x0012      	RETURN      0
; end of _Lcd_Out
_Lcd_Init:
;__Lib_Lcd.c,84 :: 		
;__Lib_Lcd.c,86 :: 		
0x0236	0x9A93      	BCF         LCD_EN_Direction, BitPos(LCD_EN_Direction+0) 
;__Lib_Lcd.c,87 :: 		
0x0238	0x9893      	BCF         LCD_RS_Direction, BitPos(LCD_RS_Direction+0) 
;__Lib_Lcd.c,88 :: 		
0x023A	0x9093      	BCF         LCD_D4_Direction, BitPos(LCD_D4_Direction+0) 
;__Lib_Lcd.c,89 :: 		
0x023C	0x9293      	BCF         LCD_D5_Direction, BitPos(LCD_D5_Direction+0) 
;__Lib_Lcd.c,90 :: 		
0x023E	0x9493      	BCF         LCD_D6_Direction, BitPos(LCD_D6_Direction+0) 
;__Lib_Lcd.c,91 :: 		
0x0240	0x9693      	BCF         LCD_D7_Direction, BitPos(LCD_D7_Direction+0) 
;__Lib_Lcd.c,93 :: 		
0x0242	0x9A8A      	BCF         LCD_EN, BitPos(LCD_EN+0) 
;__Lib_Lcd.c,94 :: 		
0x0244	0x988A      	BCF         LCD_RS, BitPos(LCD_RS+0) 
;__Lib_Lcd.c,95 :: 		
0x0246	0x968A      	BCF         LCD_D7, BitPos(LCD_D7+0) 
;__Lib_Lcd.c,96 :: 		
0x0248	0x948A      	BCF         LCD_D6, BitPos(LCD_D6+0) 
;__Lib_Lcd.c,97 :: 		
0x024A	0x928A      	BCF         LCD_D5, BitPos(LCD_D5+0) 
;__Lib_Lcd.c,98 :: 		
0x024C	0x908A      	BCF         LCD_D4, BitPos(LCD_D4+0) 
;__Lib_Lcd.c,100 :: 		
0x024E	0xDEEE      	RCALL       _Delay_5500us
;__Lib_Lcd.c,101 :: 		
0x0250	0xDEED      	RCALL       _Delay_5500us
;__Lib_Lcd.c,102 :: 		
0x0252	0xDEEC      	RCALL       _Delay_5500us
;__Lib_Lcd.c,105 :: 		
0x0254	0x828A      	BSF         LCD_D5, BitPos(LCD_D5+0) 
;__Lib_Lcd.c,106 :: 		
0x0256	0x808A      	BSF         LCD_D4, BitPos(LCD_D4+0) 
;__Lib_Lcd.c,107 :: 		
0x0258	0x8A8A      	BSF         LCD_EN, BitPos(LCD_EN+0) 
;__Lib_Lcd.c,108 :: 		
0x025A	0xDEE0      	RCALL       _Delay_1us
;__Lib_Lcd.c,109 :: 		
0x025C	0x9A8A      	BCF         LCD_EN, BitPos(LCD_EN+0) 
;__Lib_Lcd.c,110 :: 		
0x025E	0xDEE6      	RCALL       _Delay_5500us
;__Lib_Lcd.c,112 :: 		
0x0260	0x8A8A      	BSF         LCD_EN, BitPos(LCD_EN+0) 
;__Lib_Lcd.c,113 :: 		
0x0262	0xDEDC      	RCALL       _Delay_1us
;__Lib_Lcd.c,114 :: 		
0x0264	0x9A8A      	BCF         LCD_EN, BitPos(LCD_EN+0) 
;__Lib_Lcd.c,115 :: 		
0x0266	0xDEE2      	RCALL       _Delay_5500us
;__Lib_Lcd.c,117 :: 		
0x0268	0x8A8A      	BSF         LCD_EN, BitPos(LCD_EN+0) 
;__Lib_Lcd.c,118 :: 		
0x026A	0xDED8      	RCALL       _Delay_1us
;__Lib_Lcd.c,119 :: 		
0x026C	0x9A8A      	BCF         LCD_EN, BitPos(LCD_EN+0) 
;__Lib_Lcd.c,120 :: 		
0x026E	0xDEDE      	RCALL       _Delay_5500us
;__Lib_Lcd.c,123 :: 		
0x0270	0x908A      	BCF         LCD_D4, BitPos(LCD_D4+0) 
;__Lib_Lcd.c,124 :: 		
0x0272	0x8A8A      	BSF         LCD_EN, BitPos(LCD_EN+0) 
;__Lib_Lcd.c,125 :: 		
0x0274	0xDED3      	RCALL       _Delay_1us
;__Lib_Lcd.c,126 :: 		
0x0276	0x9A8A      	BCF         LCD_EN, BitPos(LCD_EN+0) 
;__Lib_Lcd.c,127 :: 		
0x0278	0xDED9      	RCALL       _Delay_5500us
;__Lib_Lcd.c,130 :: 		
0x027A	0x8A8A      	BSF         LCD_EN, BitPos(LCD_EN+0) 
;__Lib_Lcd.c,131 :: 		
0x027C	0xDECF      	RCALL       _Delay_1us
;__Lib_Lcd.c,132 :: 		
0x027E	0x9A8A      	BCF         LCD_EN, BitPos(LCD_EN+0) 
;__Lib_Lcd.c,134 :: 		
0x0280	0x928A      	BCF         LCD_D5, BitPos(LCD_D5+0) 
;__Lib_Lcd.c,135 :: 		
0x0282	0x868A      	BSF         LCD_D7, BitPos(LCD_D7+0) 
;__Lib_Lcd.c,136 :: 		
0x0284	0x8A8A      	BSF         LCD_EN, BitPos(LCD_EN+0) 
;__Lib_Lcd.c,137 :: 		
0x0286	0xDECA      	RCALL       _Delay_1us
;__Lib_Lcd.c,138 :: 		
0x0288	0x9A8A      	BCF         LCD_EN, BitPos(LCD_EN+0) 
;__Lib_Lcd.c,139 :: 		
0x028A	0xDED0      	RCALL       _Delay_5500us
;__Lib_Lcd.c,142 :: 		
0x028C	0x968A      	BCF         LCD_D7, BitPos(LCD_D7+0) 
;__Lib_Lcd.c,143 :: 		
0x028E	0x808A      	BSF         LCD_D4, BitPos(LCD_D4+0) 
;__Lib_Lcd.c,144 :: 		
0x0290	0x8A8A      	BSF         LCD_EN, BitPos(LCD_EN+0) 
;__Lib_Lcd.c,145 :: 		
0x0292	0xDEC4      	RCALL       _Delay_1us
;__Lib_Lcd.c,146 :: 		
0x0294	0x9A8A      	BCF         LCD_EN, BitPos(LCD_EN+0) 
;__Lib_Lcd.c,148 :: 		
0x0296	0x908A      	BCF         LCD_D4, BitPos(LCD_D4+0) 
;__Lib_Lcd.c,149 :: 		
0x0298	0x8A8A      	BSF         LCD_EN, BitPos(LCD_EN+0) 
;__Lib_Lcd.c,150 :: 		
0x029A	0xDEC0      	RCALL       _Delay_1us
;__Lib_Lcd.c,151 :: 		
0x029C	0x9A8A      	BCF         LCD_EN, BitPos(LCD_EN+0) 
;__Lib_Lcd.c,152 :: 		
0x029E	0xDEC6      	RCALL       _Delay_5500us
;__Lib_Lcd.c,155 :: 		
0x02A0	0x8A8A      	BSF         LCD_EN, BitPos(LCD_EN+0) 
;__Lib_Lcd.c,156 :: 		
0x02A2	0xDEBC      	RCALL       _Delay_1us
;__Lib_Lcd.c,157 :: 		
0x02A4	0x9A8A      	BCF         LCD_EN, BitPos(LCD_EN+0) 
;__Lib_Lcd.c,159 :: 		
0x02A6	0x808A      	BSF         LCD_D4, BitPos(LCD_D4+0) 
;__Lib_Lcd.c,160 :: 		
0x02A8	0x8A8A      	BSF         LCD_EN, BitPos(LCD_EN+0) 
;__Lib_Lcd.c,161 :: 		
0x02AA	0xDEB8      	RCALL       _Delay_1us
;__Lib_Lcd.c,162 :: 		
0x02AC	0x9A8A      	BCF         LCD_EN, BitPos(LCD_EN+0) 
;__Lib_Lcd.c,163 :: 		
0x02AE	0xDEBE      	RCALL       _Delay_5500us
;__Lib_Lcd.c,166 :: 		
0x02B0	0x908A      	BCF         LCD_D4, BitPos(LCD_D4+0) 
;__Lib_Lcd.c,167 :: 		
0x02B2	0x8A8A      	BSF         LCD_EN, BitPos(LCD_EN+0) 
;__Lib_Lcd.c,168 :: 		
0x02B4	0xDEB3      	RCALL       _Delay_1us
;__Lib_Lcd.c,169 :: 		
0x02B6	0x9A8A      	BCF         LCD_EN, BitPos(LCD_EN+0) 
;__Lib_Lcd.c,171 :: 		
0x02B8	0x868A      	BSF         LCD_D7, BitPos(LCD_D7+0) 
;__Lib_Lcd.c,172 :: 		
0x02BA	0x848A      	BSF         LCD_D6, BitPos(LCD_D6+0) 
;__Lib_Lcd.c,173 :: 		
0x02BC	0x828A      	BSF         LCD_D5, BitPos(LCD_D5+0) 
;__Lib_Lcd.c,174 :: 		
0x02BE	0x808A      	BSF         LCD_D4, BitPos(LCD_D4+0) 
;__Lib_Lcd.c,175 :: 		
0x02C0	0x8A8A      	BSF         LCD_EN, BitPos(LCD_EN+0) 
;__Lib_Lcd.c,176 :: 		
0x02C2	0xDEAC      	RCALL       _Delay_1us
;__Lib_Lcd.c,177 :: 		
0x02C4	0x9A8A      	BCF         LCD_EN, BitPos(LCD_EN+0) 
;__Lib_Lcd.c,179 :: 		
0x02C6	0xDEB2      	RCALL       _Delay_5500us
;__Lib_Lcd.c,181 :: 		
0x02C8	0x801C      	BSF         __Lib_Lcd_cmd_status, BitPos(__Lib_Lcd_cmd_status+0) 
;__Lib_Lcd.c,182 :: 		
L_end_Lcd_Init:
0x02CA	0x0012      	RETURN      0
; end of _Lcd_Init
_Mul_32x32_FP:
;__Lib_MathDouble.c,1130 :: 		
;__Lib_MathDouble.c,1148 :: 		
0x02CC	0x6A08      	CLRF        R8, 0
;__Lib_MathDouble.c,1149 :: 		
0x02CE	0x6A09      	CLRF        R9, 0
;__Lib_MathDouble.c,1151 :: 		
0x02D0	0x0E00      	MOVLW       0
;__Lib_MathDouble.c,1152 :: 		
0x02D2	0x6207      	CPFSEQ      R7, 0
;__Lib_MathDouble.c,1153 :: 		
0x02D4	0x6403      	CPFSGT      R3, 0
;__Lib_MathDouble.c,1154 :: 		
0x02D6	0xF001EFEB  	GOTO        MULJPRES032
;__Lib_MathDouble.c,1157 :: 		
0x02DA	0x5002      	MOVF        R2, 0, 0
;__Lib_MathDouble.c,1158 :: 		
0x02DC	0x1806      	XORWF       R6, 0, 0
;__Lib_MathDouble.c,1159 :: 		
0x02DE	0x6E0A      	MOVWF       R10, 0
;__Lib_MathDouble.c,1161 :: 		
0x02E0	0x5007      	MOVF        R7, 0, 0
;__Lib_MathDouble.c,1162 :: 		
0x02E2	0x2603      	ADDWF       R3, 1, 0
;__Lib_MathDouble.c,1163 :: 		
0x02E4	0x0E7E      	MOVLW       126
;__Lib_MathDouble.c,1164 :: 		
0x02E6	0xA0D8      	BTFSS       STATUS, 0, 0
;__Lib_MathDouble.c,1165 :: 		
0x02E8	0xF001EF7C  	GOTO        MTUN32
;__Lib_MathDouble.c,1167 :: 		
0x02EC	0x5E03      	SUBWF       R3, 1, 0
;__Lib_MathDouble.c,1168 :: 		
0x02EE	0xB0D8      	BTFSC       STATUS, 0, 0
;__Lib_MathDouble.c,1169 :: 		
0x02F0	0xF001EFEF  	GOTO        MULJPSETFOV32
;__Lib_MathDouble.c,1170 :: 		
0x02F4	0xF001EF80  	GOTO        MOK32
;__Lib_MathDouble.c,1172 :: 		
MTUN32:
;__Lib_MathDouble.c,1173 :: 		
0x02F8	0x5E03      	SUBWF       R3, 1, 0
;__Lib_MathDouble.c,1174 :: 		
0x02FA	0xA0D8      	BTFSS       STATUS, 0, 0
;__Lib_MathDouble.c,1175 :: 		
0x02FC	0xF001EFF3  	GOTO        MULJPSETFUN32
;__Lib_MathDouble.c,1177 :: 		
MOK32:
;__Lib_MathDouble.c,1178 :: 		
0x0300	0x8E02      	BSF         R2, 7, 0
;__Lib_MathDouble.c,1179 :: 		
0x0302	0x8E06      	BSF         R6, 7, 0
;__Lib_MathDouble.c,1181 :: 		
0x0304	0xF00EC002  	MOVFF       R2, R14
;__Lib_MathDouble.c,1182 :: 		
0x0308	0xF00BC001  	MOVFF       R1, R11
;__Lib_MathDouble.c,1183 :: 		
0x030C	0xF00DC000  	MOVFF       R0, R13
;__Lib_MathDouble.c,1185 :: 		
0x0310	0x5000      	MOVF        R0, 0, 0
;__Lib_MathDouble.c,1186 :: 		
0x0312	0x0204      	MULWF       R4, 0
;__Lib_MathDouble.c,1187 :: 		
0x0314	0xF00CCFF4  	MOVFF       PRODH, R12
;__Lib_MathDouble.c,1189 :: 		
0x0318	0x5001      	MOVF        R1, 0, 0
;__Lib_MathDouble.c,1190 :: 		
0x031A	0x0205      	MULWF       R5, 0
;__Lib_MathDouble.c,1191 :: 		
0x031C	0xF000CFF4  	MOVFF       PRODH, R0
;__Lib_MathDouble.c,1192 :: 		
0x0320	0xF008CFF3  	MOVFF       PRODL, R8
;__Lib_MathDouble.c,1194 :: 		
0x0324	0x0204      	MULWF       R4, 0
;__Lib_MathDouble.c,1195 :: 		
0x0326	0x50F3      	MOVF        PRODL, 0, 0
;__Lib_MathDouble.c,1196 :: 		
0x0328	0x260C      	ADDWF       R12, 1, 0
;__Lib_MathDouble.c,1197 :: 		
0x032A	0x50F4      	MOVF        PRODH, 0, 0
;__Lib_MathDouble.c,1198 :: 		
0x032C	0x2208      	ADDWFC      R8, 1, 0
;__Lib_MathDouble.c,1199 :: 		
0x032E	0x0E00      	MOVLW       0
;__Lib_MathDouble.c,1200 :: 		
0x0330	0x2200      	ADDWFC      R0, 1, 0
;__Lib_MathDouble.c,1202 :: 		
0x0332	0x500D      	MOVF        R13, 0, 0
;__Lib_MathDouble.c,1203 :: 		
0x0334	0x0205      	MULWF       R5, 0
;__Lib_MathDouble.c,1204 :: 		
0x0336	0x50F3      	MOVF        PRODL, 0, 0
;__Lib_MathDouble.c,1205 :: 		
0x0338	0x260C      	ADDWF       R12, 1, 0
;__Lib_MathDouble.c,1206 :: 		
0x033A	0x50F4      	MOVF        PRODH, 0, 0
;__Lib_MathDouble.c,1207 :: 		
0x033C	0x2208      	ADDWFC      R8, 1, 0
;__Lib_MathDouble.c,1208 :: 		
0x033E	0x0E00      	MOVLW       0
;__Lib_MathDouble.c,1209 :: 		
0x0340	0x2200      	ADDWFC      R0, 1, 0
;__Lib_MathDouble.c,1211 :: 		
0x0342	0x5002      	MOVF        R2, 0, 0
;__Lib_MathDouble.c,1212 :: 		
0x0344	0x0204      	MULWF       R4, 0
;__Lib_MathDouble.c,1213 :: 		
0x0346	0x50F3      	MOVF        PRODL, 0, 0
;__Lib_MathDouble.c,1214 :: 		
0x0348	0x2608      	ADDWF       R8, 1, 0
;__Lib_MathDouble.c,1215 :: 		
0x034A	0x50F4      	MOVF        PRODH, 0, 0
;__Lib_MathDouble.c,1216 :: 		
0x034C	0x2200      	ADDWFC      R0, 1, 0
;__Lib_MathDouble.c,1217 :: 		
0x034E	0x5002      	MOVF        R2, 0, 0
;__Lib_MathDouble.c,1218 :: 		
0x0350	0x0205      	MULWF       R5, 0
;__Lib_MathDouble.c,1219 :: 		
0x0352	0x6A01      	CLRF        R1, 0
;__Lib_MathDouble.c,1220 :: 		
0x0354	0x0E00      	MOVLW       0
;__Lib_MathDouble.c,1221 :: 		
0x0356	0x2201      	ADDWFC      R1, 1, 0
;__Lib_MathDouble.c,1222 :: 		
0x0358	0x50F3      	MOVF        PRODL, 0, 0
;__Lib_MathDouble.c,1223 :: 		
0x035A	0x2600      	ADDWF       R0, 1, 0
;__Lib_MathDouble.c,1224 :: 		
0x035C	0x50F4      	MOVF        PRODH, 0, 0
;__Lib_MathDouble.c,1225 :: 		
0x035E	0x2201      	ADDWFC      R1, 1, 0
;__Lib_MathDouble.c,1227 :: 		
0x0360	0x500D      	MOVF        R13, 0, 0
;__Lib_MathDouble.c,1228 :: 		
0x0362	0x0206      	MULWF       R6, 0
;__Lib_MathDouble.c,1229 :: 		
0x0364	0x50F3      	MOVF        PRODL, 0, 0
;__Lib_MathDouble.c,1230 :: 		
0x0366	0x2608      	ADDWF       R8, 1, 0
;__Lib_MathDouble.c,1231 :: 		
0x0368	0x50F4      	MOVF        PRODH, 0, 0
;__Lib_MathDouble.c,1232 :: 		
0x036A	0x2200      	ADDWFC      R0, 1, 0
;__Lib_MathDouble.c,1233 :: 		
0x036C	0x6A02      	CLRF        R2, 0
;__Lib_MathDouble.c,1234 :: 		
0x036E	0x0E00      	MOVLW       0
;__Lib_MathDouble.c,1235 :: 		
0x0370	0x2201      	ADDWFC      R1, 1, 0
;__Lib_MathDouble.c,1236 :: 		
0x0372	0x2202      	ADDWFC      R2, 1, 0
;__Lib_MathDouble.c,1238 :: 		
0x0374	0x500B      	MOVF        R11, 0, 0
;__Lib_MathDouble.c,1239 :: 		
0x0376	0x0206      	MULWF       R6, 0
;__Lib_MathDouble.c,1240 :: 		
0x0378	0x50F3      	MOVF        PRODL, 0, 0
;__Lib_MathDouble.c,1241 :: 		
0x037A	0x2600      	ADDWF       R0, 1, 0
;__Lib_MathDouble.c,1242 :: 		
0x037C	0x50F4      	MOVF        PRODH, 0, 0
;__Lib_MathDouble.c,1243 :: 		
0x037E	0x2201      	ADDWFC      R1, 1, 0
;__Lib_MathDouble.c,1244 :: 		
0x0380	0x0E00      	MOVLW       0
;__Lib_MathDouble.c,1245 :: 		
0x0382	0x2202      	ADDWFC      R2, 1, 0
;__Lib_MathDouble.c,1247 :: 		
0x0384	0x500E      	MOVF        R14, 0, 0
;__Lib_MathDouble.c,1248 :: 		
0x0386	0x0206      	MULWF       R6, 0
;__Lib_MathDouble.c,1249 :: 		
0x0388	0x50F3      	MOVF        PRODL, 0, 0
;__Lib_MathDouble.c,1250 :: 		
0x038A	0x2601      	ADDWF       R1, 1, 0
;__Lib_MathDouble.c,1251 :: 		
0x038C	0x50F4      	MOVF        PRODH, 0, 0
;__Lib_MathDouble.c,1252 :: 		
0x038E	0x2202      	ADDWFC      R2, 1, 0
;__Lib_MathDouble.c,1254 :: 		
0x0390	0xBE02      	BTFSC       R2, 7, 0
;__Lib_MathDouble.c,1255 :: 		
0x0392	0xF001EFD3  	GOTO        MROUND32
;__Lib_MathDouble.c,1256 :: 		
0x0396	0x3608      	RLCF        R8, 1, 0
;__Lib_MathDouble.c,1257 :: 		
0x0398	0x3600      	RLCF        R0, 1, 0
;__Lib_MathDouble.c,1258 :: 		
0x039A	0x3601      	RLCF        R1, 1, 0
;__Lib_MathDouble.c,1259 :: 		
0x039C	0x3602      	RLCF        R2, 1, 0
;__Lib_MathDouble.c,1260 :: 		
0x039E	0x0603      	DECF        R3, 1, 0
;__Lib_MathDouble.c,1261 :: 		
0x03A0	0xB4D8      	BTFSC       STATUS, 2, 0
;__Lib_MathDouble.c,1262 :: 		
0x03A2	0xF001EFF3  	GOTO        MULJPSETFUN32
;__Lib_MathDouble.c,1264 :: 		
MROUND32:
;__Lib_MathDouble.c,1267 :: 		
0x03A6	0xF001EFE6  	GOTO        MUL32OK
;__Lib_MathDouble.c,1268 :: 		
0x03AA	0x80D8      	BSF         STATUS, 0, 0
;__Lib_MathDouble.c,1269 :: 		
0x03AC	0x0E80      	MOVLW       128
;__Lib_MathDouble.c,1270 :: 		
0x03AE	0x6408      	CPFSGT      R8, 0
;__Lib_MathDouble.c,1271 :: 		
0x03B0	0x3000      	RRCF        R0, 0, 0
;__Lib_MathDouble.c,1272 :: 		
0x03B2	0x0E00      	MOVLW       0
;__Lib_MathDouble.c,1273 :: 		
0x03B4	0x2200      	ADDWFC      R0, 1, 0
;__Lib_MathDouble.c,1274 :: 		
0x03B6	0x2201      	ADDWFC      R1, 1, 0
;__Lib_MathDouble.c,1275 :: 		
0x03B8	0x2202      	ADDWFC      R2, 1, 0
;__Lib_MathDouble.c,1277 :: 		
0x03BA	0xA0D8      	BTFSS       STATUS, 0, 0
;__Lib_MathDouble.c,1278 :: 		
0x03BC	0xF001EFE6  	GOTO        MUL32OK
;__Lib_MathDouble.c,1279 :: 		
0x03C0	0x3202      	RRCF        R2, 1, 0
;__Lib_MathDouble.c,1280 :: 		
0x03C2	0x3201      	RRCF        R1, 1, 0
;__Lib_MathDouble.c,1281 :: 		
0x03C4	0x3200      	RRCF        R0, 1, 0
;__Lib_MathDouble.c,1282 :: 		
0x03C6	0x4A03      	INFSNZ      R3, 1, 0
;__Lib_MathDouble.c,1283 :: 		
0x03C8	0xF001EFEF  	GOTO        MULJPSETFOV32
;__Lib_MathDouble.c,1285 :: 		
MUL32OK:
;__Lib_MathDouble.c,1286 :: 		
0x03CC	0xAE0A      	BTFSS       R10, 7, 0
;__Lib_MathDouble.c,1287 :: 		
0x03CE	0x9E02      	BCF         R2, 7, 0
;__Lib_MathDouble.c,1289 :: 		
0x03D0	0x0E00      	MOVLW       0
;__Lib_MathDouble.c,1290 :: 		
0x03D2	0xF001EFF5  	GOTO        MULEEE
;__Lib_MathDouble.c,1291 :: 		
MULJPRES032:
;__Lib_MathDouble.c,1292 :: 		
0x03D6	0x0E01      	MOVLW       1
;__Lib_MathDouble.c,1295 :: 		
0x03D8	0xDE41      	RCALL       _RES032
;__Lib_MathDouble.c,1297 :: 		
0x03DA	0xF001EFF5  	GOTO        MULEEE
;__Lib_MathDouble.c,1298 :: 		
MULJPSETFOV32:
;__Lib_MathDouble.c,1299 :: 		
0x03DE	0x0E02      	MOVLW       2
;__Lib_MathDouble.c,1302 :: 		
0x03E0	0xDED9      	RCALL       _SETFOV32
;__Lib_MathDouble.c,1304 :: 		
0x03E2	0xF001EFF5  	GOTO        MULEEE
;__Lib_MathDouble.c,1305 :: 		
MULJPSETFUN32:
;__Lib_MathDouble.c,1306 :: 		
0x03E6	0x0E04      	MOVLW       4
;__Lib_MathDouble.c,1309 :: 		
0x03E8	0xDE2C      	RCALL       _SETFUN32
;__Lib_MathDouble.c,1311 :: 		
MULEEE:
;__Lib_MathDouble.c,1318 :: 		
L_end_Mul_32x32_FP:
0x03EA	0x0012      	RETURN      0
; end of _Mul_32x32_FP
_double2word:
;__Lib_MathDouble.c,2023 :: 		
;__Lib_MathDouble.c,2032 :: 		
0x03EC	0x6A0B      	CLRF        R11, 0
;__Lib_MathDouble.c,2033 :: 		
0x03EE	0x6A0C      	CLRF        R12, 0
;__Lib_MathDouble.c,2034 :: 		
0x03F0	0x6A0A      	CLRF        R10, 0
;__Lib_MathDouble.c,2036 :: 		
0x03F2	0x5003      	MOVF        R3, 0, 0
;__Lib_MathDouble.c,2037 :: 		
0x03F4	0xB4D8      	BTFSC       STATUS, 2, 0
;__Lib_MathDouble.c,2038 :: 		
0x03F6	0xF002EF40  	GOTO        IRES016U
;__Lib_MathDouble.c,2040 :: 		
0x03FA	0x8E02      	BSF         R2, 7, 0
;__Lib_MathDouble.c,2042 :: 		
0x03FC	0x0E8E      	MOVLW       142
;__Lib_MathDouble.c,2043 :: 		
0x03FE	0x5E03      	SUBWF       R3, 1, 0
;__Lib_MathDouble.c,2044 :: 		
0x0400	0xBE03      	BTFSC       R3, 7, 0
;__Lib_MathDouble.c,2045 :: 		
0x0402	0xF002EF08  	GOTO        SETEXP16U
;__Lib_MathDouble.c,2046 :: 		
0x0406	0xB4D8      	BTFSC       STATUS, 2, 0
;__Lib_MathDouble.c,2047 :: 		
0x0408	0xF002EF08  	GOTO        SETEXP16U
;__Lib_MathDouble.c,2048 :: 		
0x040C	0xF002EF44  	GOTO        SETIOV16U
;__Lib_MathDouble.c,2049 :: 		
SETEXP16U:
;__Lib_MathDouble.c,2050 :: 		
0x0410	0x6C03      	NEGF        R3, 0
;__Lib_MathDouble.c,2052 :: 		
0x0412	0x0E08      	MOVLW       8
;__Lib_MathDouble.c,2053 :: 		
0x0414	0x5C03      	SUBWF       R3, 0, 0
;__Lib_MathDouble.c,2054 :: 		
0x0416	0xA0D8      	BTFSS       STATUS, 0, 0
;__Lib_MathDouble.c,2055 :: 		
0x0418	0xF002EF1F  	GOTO        TSHIFT3216U
;__Lib_MathDouble.c,2056 :: 		
0x041C	0x6E03      	MOVWF       R3, 0
;__Lib_MathDouble.c,2057 :: 		
0x041E	0x3601      	RLCF        R1, 1, 0
;__Lib_MathDouble.c,2058 :: 		
0x0420	0xF001C002  	MOVFF       R2, R1
;__Lib_MathDouble.c,2059 :: 		
0x0424	0x6A02      	CLRF        R2, 0
;__Lib_MathDouble.c,2061 :: 		
0x0426	0x0E08      	MOVLW       8
;__Lib_MathDouble.c,2062 :: 		
0x0428	0x5C03      	SUBWF       R3, 0, 0
;__Lib_MathDouble.c,2063 :: 		
0x042A	0xA0D8      	BTFSS       STATUS, 0, 0
;__Lib_MathDouble.c,2064 :: 		
0x042C	0xF002EF1F  	GOTO        TSHIFT3216U
;__Lib_MathDouble.c,2065 :: 		
0x0430	0x3601      	RLCF        R1, 1, 0
;__Lib_MathDouble.c,2066 :: 		
0x0432	0x6A01      	CLRF        R1, 0
;__Lib_MathDouble.c,2068 :: 		
0x0434	0x5003      	MOVF        R3, 0, 0
;__Lib_MathDouble.c,2069 :: 		
0x0436	0xA4D8      	BTFSS       STATUS, 2, 0
;__Lib_MathDouble.c,2070 :: 		
0x0438	0x90D8      	BCF         STATUS, 0, 0
;__Lib_MathDouble.c,2071 :: 		
0x043A	0xF002EF29  	GOTO        SHIFT3216UOK
;__Lib_MathDouble.c,2072 :: 		
TSHIFT3216U:
;__Lib_MathDouble.c,2073 :: 		
0x043E	0x5003      	MOVF        R3, 0, 0
;__Lib_MathDouble.c,2074 :: 		
0x0440	0xB4D8      	BTFSC       STATUS, 2, 0
;__Lib_MathDouble.c,2075 :: 		
0x0442	0xF002EF29  	GOTO        SHIFT3216UOK
;__Lib_MathDouble.c,2076 :: 		
SHIFT3216U:
;__Lib_MathDouble.c,2077 :: 		
0x0446	0x90D8      	BCF         STATUS, 0, 0
;__Lib_MathDouble.c,2078 :: 		
0x0448	0x3202      	RRCF        R2, 1, 0
;__Lib_MathDouble.c,2079 :: 		
0x044A	0x3201      	RRCF        R1, 1, 0
;__Lib_MathDouble.c,2080 :: 		
0x044C	0x2E03      	DECFSZ      R3, 1, 0
;__Lib_MathDouble.c,2081 :: 		
0x044E	0xF002EF23  	GOTO        SHIFT3216U
;__Lib_MathDouble.c,2082 :: 		
SHIFT3216UOK:
;__Lib_MathDouble.c,2083 :: 		
0x0452	0xBC0B      	BTFSC       R11, 6, 0
;__Lib_MathDouble.c,2084 :: 		
0x0454	0xA001      	BTFSS       R1, 0, 0
;__Lib_MathDouble.c,2085 :: 		
0x0456	0xF002EF36  	GOTO        INT3216UOK
;__Lib_MathDouble.c,2086 :: 		
0x045A	0xA0D8      	BTFSS       STATUS, 0, 0
;__Lib_MathDouble.c,2087 :: 		
0x045C	0xF002EF36  	GOTO        INT3216UOK
;__Lib_MathDouble.c,2088 :: 		
0x0460	0x2A01      	INCF        R1, 1, 0
;__Lib_MathDouble.c,2089 :: 		
0x0462	0xB4D8      	BTFSC       STATUS, 2, 0
;__Lib_MathDouble.c,2090 :: 		
0x0464	0x2A02      	INCF        R2, 1, 0
;__Lib_MathDouble.c,2091 :: 		
0x0466	0xBE02      	BTFSC       R2, 7, 0
;__Lib_MathDouble.c,2092 :: 		
0x0468	0xF002EF53  	GOTO        JPKSETIOV3224
;__Lib_MathDouble.c,2093 :: 		
INT3216UOK:
;__Lib_MathDouble.c,2094 :: 		
0x046C	0xAE0A      	BTFSS       R10, 7, 0
;__Lib_MathDouble.c,2095 :: 		
0x046E	0xF002EF58  	GOTO        INT3216UEOK
;__Lib_MathDouble.c,2097 :: 		
0x0472	0x1E02      	COMF        R2, 1, 0
;__Lib_MathDouble.c,2098 :: 		
0x0474	0x1E01      	COMF        R1, 1, 0
;__Lib_MathDouble.c,2099 :: 		
0x0476	0x2A01      	INCF        R1, 1, 0
;__Lib_MathDouble.c,2100 :: 		
0x0478	0xB4D8      	BTFSC       STATUS, 2, 0
;__Lib_MathDouble.c,2101 :: 		
0x047A	0x2A02      	INCF        R2, 1, 0
;__Lib_MathDouble.c,2102 :: 		
0x047C	0xF002EF58  	GOTO        INT3216UEOK
;__Lib_MathDouble.c,2104 :: 		
IRES016U:
;__Lib_MathDouble.c,2105 :: 		
0x0480	0x6A02      	CLRF        R2, 0
;__Lib_MathDouble.c,2106 :: 		
0x0482	0x6A01      	CLRF        R1, 0
;__Lib_MathDouble.c,2107 :: 		
0x0484	0xF002EF58  	GOTO        INT3216UEOK
;__Lib_MathDouble.c,2108 :: 		
SETIOV16U:
;__Lib_MathDouble.c,2109 :: 		
0x0488	0x800B      	BSF         R11, 0, 0
;__Lib_MathDouble.c,2110 :: 		
0x048A	0xAE0B      	BTFSS       R11, 7, 0
;__Lib_MathDouble.c,2111 :: 		
0x048C	0xF002EF5C  	GOTO        INT3216UEER
;__Lib_MathDouble.c,2113 :: 		
0x0490	0x6A02      	CLRF        R2, 0
;__Lib_MathDouble.c,2114 :: 		
0x0492	0xAE0A      	BTFSS       R10, 7, 0
;__Lib_MathDouble.c,2115 :: 		
0x0494	0xF002EF5C  	GOTO        INT3216UEER
;__Lib_MathDouble.c,2116 :: 		
0x0498	0x0EFF      	MOVLW       255
;__Lib_MathDouble.c,2117 :: 		
0x049A	0x6E02      	MOVWF       R2, 0
;__Lib_MathDouble.c,2118 :: 		
0x049C	0x6E01      	MOVWF       R1, 0
;__Lib_MathDouble.c,2119 :: 		
0x049E	0x360A      	RLCF        R10, 1, 0
;__Lib_MathDouble.c,2120 :: 		
0x04A0	0x3202      	RRCF        R2, 1, 0
;__Lib_MathDouble.c,2121 :: 		
0x04A2	0xF002EF5C  	GOTO        INT3216UEER
;__Lib_MathDouble.c,2123 :: 		
JPKSETIOV3224:
;__Lib_MathDouble.c,2124 :: 		
0x04A6	0x0E01      	MOVLW       1
;__Lib_MathDouble.c,2125 :: 		
0x04A8	0x6E0C      	MOVWF       R12, 0
;__Lib_MathDouble.c,2127 :: 		
0x04AA	0xDE21      	RCALL       _SETIOV3224
;__Lib_MathDouble.c,2129 :: 		
0x04AC	0xF002EF5E  	GOTO        INT3216UEEE
;__Lib_MathDouble.c,2130 :: 		
INT3216UEOK:
;__Lib_MathDouble.c,2131 :: 		
0x04B0	0x0E00      	MOVLW       0
;__Lib_MathDouble.c,2132 :: 		
0x04B2	0x6E0C      	MOVWF       R12, 0
;__Lib_MathDouble.c,2133 :: 		
0x04B4	0xF002EF5E  	GOTO        INT3216UEEE
;__Lib_MathDouble.c,2134 :: 		
INT3216UEER:
;__Lib_MathDouble.c,2135 :: 		
0x04B8	0x0EFF      	MOVLW       255
;__Lib_MathDouble.c,2136 :: 		
0x04BA	0x6E0C      	MOVWF       R12, 0
;__Lib_MathDouble.c,2137 :: 		
INT3216UEEE:
;__Lib_MathDouble.c,2138 :: 		
0x04BC	0x5001      	MOVF        R1, 0, 0
;__Lib_MathDouble.c,2139 :: 		
0x04BE	0x6E00      	MOVWF       R0, 0
;__Lib_MathDouble.c,2140 :: 		
0x04C0	0x5002      	MOVF        R2, 0, 0
;__Lib_MathDouble.c,2141 :: 		
0x04C2	0x6E01      	MOVWF       R1, 0
;__Lib_MathDouble.c,2146 :: 		
L_end_double2word:
0x04C4	0x0012      	RETURN      0
; end of _double2word
_Div_16X16_U:
;__Lib_Math.c,102 :: 		
;__Lib_Math.c,109 :: 		
0x04C6	0x6A08      	CLRF        R8, 0
;__Lib_Math.c,110 :: 		
0x04C8	0x6A09      	CLRF        R9, 0
;__Lib_Math.c,111 :: 		
0x04CA	0x0E10      	MOVLW       16
;__Lib_Math.c,112 :: 		
0x04CC	0x6E0C      	MOVWF       R12, 0
;__Lib_Math.c,113 :: 		
0x04CE	0x3401      	RLCF        R1, 0, 0
;__Lib_Math.c,114 :: 		
0x04D0	0x3608      	RLCF        R8, 1, 0
;__Lib_Math.c,115 :: 		
0x04D2	0x3609      	RLCF        R9, 1, 0
;__Lib_Math.c,116 :: 		
0x04D4	0x5004      	MOVF        R4, 0, 0
;__Lib_Math.c,117 :: 		
0x04D6	0x5E08      	SUBWF       R8, 1, 0
;__Lib_Math.c,118 :: 		
0x04D8	0x5005      	MOVF        R5, 0, 0
;__Lib_Math.c,119 :: 		
0x04DA	0xA0D8      	BTFSS       STATUS, 0, 0
;__Lib_Math.c,120 :: 		
0x04DC	0x3C05      	INCFSZ      R5, 0, 0
;__Lib_Math.c,121 :: 		
0x04DE	0x5E09      	SUBWF       R9, 1, 0
;__Lib_Math.c,122 :: 		
0x04E0	0xB0D8      	BTFSC       STATUS, 0, 0
;__Lib_Math.c,123 :: 		
0x04E2	0xD007      	BRA         $+16
;__Lib_Math.c,124 :: 		
0x04E4	0x5004      	MOVF        R4, 0, 0
;__Lib_Math.c,125 :: 		
0x04E6	0x2608      	ADDWF       R8, 1, 0
;__Lib_Math.c,126 :: 		
0x04E8	0x5005      	MOVF        R5, 0, 0
;__Lib_Math.c,127 :: 		
0x04EA	0xB0D8      	BTFSC       STATUS, 0, 0
;__Lib_Math.c,128 :: 		
0x04EC	0x3C05      	INCFSZ      R5, 0, 0
;__Lib_Math.c,129 :: 		
0x04EE	0x2609      	ADDWF       R9, 1, 0
;__Lib_Math.c,130 :: 		
0x04F0	0x90D8      	BCF         STATUS, 0, 0
;__Lib_Math.c,131 :: 		
0x04F2	0x3600      	RLCF        R0, 1, 0
;__Lib_Math.c,132 :: 		
0x04F4	0x3601      	RLCF        R1, 1, 0
;__Lib_Math.c,133 :: 		
0x04F6	0x2E0C      	DECFSZ      R12, 1, 0
;__Lib_Math.c,134 :: 		
0x04F8	0xD7EA      	BRA         $-42
;__Lib_Math.c,136 :: 		
L_end_Div_16X16_U:
0x04FA	0x0012      	RETURN      0
; end of _Div_16X16_U
_ADC_Init:
;__Lib_ADC_A_D.c,13 :: 		
;__Lib_ADC_A_D.c,14 :: 		
0x04FC	0x0EFF      	MOVLW       _ADC_Get_Sample
0x04FE	0x6E1D      	MOVWF       _ADC_Get_Sample_Ptr 
0x0500	0x0EFF      	MOVLW       hi_addr(_ADC_Get_Sample)
0x0502	0x6E1E      	MOVWF       _ADC_Get_Sample_Ptr+1 
0x0504	0x0EFF      	MOVLW       FARG_ADC_Get_Sample_channel
0x0506	0x6E1F      	MOVWF       _ADC_Get_Sample_Ptr+2 
0x0508	0x0EFF      	MOVLW       hi_addr(FARG_ADC_Get_Sample_channel)
0x050A	0x6E20      	MOVWF       _ADC_Get_Sample_Ptr+3 
;__Lib_ADC_A_D.c,16 :: 		
0x050C	0x6AC2      	CLRF        ADCON0 
;__Lib_ADC_A_D.c,17 :: 		
0x050E	0x1C1B      	COMF        _vref_mask, 0 
0x0510	0x6E00      	MOVWF       R0 
0x0512	0x5000      	MOVF        R0, 0 
0x0514	0x16C1      	ANDWF       ADCON1, 1 
;__Lib_ADC_A_D.c,18 :: 		
0x0516	0x0E07      	MOVLW       7
0x0518	0x12C0      	IORWF       ADCON2, 1 
;__Lib_ADC_A_D.c,19 :: 		
0x051A	0x8EC0      	BSF         ADCON2, 7 
;__Lib_ADC_A_D.c,20 :: 		
0x051C	0x80C2      	BSF         ADCON0, 0 
;__Lib_ADC_A_D.c,21 :: 		
L_end_ADC_Init:
0x051E	0x0012      	RETURN      0
; end of _ADC_Init
_ADC_Read:
;__Lib_ADC_A_D.c,51 :: 		
;__Lib_ADC_A_D.c,54 :: 		
0x0520	0x6AC2      	CLRF        ADCON0 
;__Lib_ADC_A_D.c,55 :: 		
0x0522	0x1C1B      	COMF        _vref_mask, 0 
0x0524	0x6E00      	MOVWF       R0 
0x0526	0x5000      	MOVF        R0, 0 
0x0528	0x16C1      	ANDWF       ADCON1, 1 
;__Lib_ADC_A_D.c,56 :: 		
0x052A	0x0E07      	MOVLW       7
0x052C	0x12C0      	IORWF       ADCON2, 1 
;__Lib_ADC_A_D.c,57 :: 		
0x052E	0x8EC0      	BSF         ADCON2, 7 
;__Lib_ADC_A_D.c,58 :: 		
0x0530	0xF000C02D  	MOVFF       FARG_ADC_Read_channel, R0
0x0534	0x3600      	RLCF        R0, 1 
0x0536	0x9000      	BCF         R0, 0 
0x0538	0x3600      	RLCF        R0, 1 
0x053A	0x9000      	BCF         R0, 0 
0x053C	0x5000      	MOVF        R0, 0 
0x053E	0x12C2      	IORWF       ADCON0, 1 
;__Lib_ADC_A_D.c,59 :: 		
0x0540	0x80C2      	BSF         ADCON0, 0 
;__Lib_ADC_A_D.c,60 :: 		
0x0542	0xDDE3      	RCALL       _Delay_22us
;__Lib_ADC_A_D.c,61 :: 		
0x0544	0x82C2      	BSF         ADCON0, 1 
;__Lib_ADC_A_D.c,62 :: 		
L_ADC_Read2:
0x0546	0xA2C2      	BTFSS       ADCON0, 1 
0x0548	0xD001      	BRA         L_ADC_Read3
;__Lib_ADC_A_D.c,63 :: 		
0x054A	0xD7FD      	BRA         L_ADC_Read2
L_ADC_Read3:
;__Lib_ADC_A_D.c,64 :: 		
0x054C	0xF001CFC4  	MOVFF       ADRESH, R1
0x0550	0x6A00      	CLRF        R0 
;__Lib_ADC_A_D.c,65 :: 		
0x0552	0x50C3      	MOVF        ADRESL, 0 
0x0554	0x1200      	IORWF       R0, 1 
0x0556	0x0E00      	MOVLW       0
0x0558	0x1201      	IORWF       R1, 1 
;__Lib_ADC_A_D.c,66 :: 		
0x055A	0x90C2      	BCF         ADCON0, 0 
;__Lib_ADC_A_D.c,68 :: 		
;__Lib_ADC_A_D.c,69 :: 		
L_end_ADC_Read:
0x055C	0x0012      	RETURN      0
; end of _ADC_Read
_word2double:
;__Lib_MathDouble.c,2335 :: 		
;__Lib_MathDouble.c,2344 :: 		
0x055E	0x5000      	MOVF        R0, 0, 0
;__Lib_MathDouble.c,2345 :: 		
0x0560	0x6E08      	MOVWF       R8, 0
;__Lib_MathDouble.c,2346 :: 		
0x0562	0x5001      	MOVF        R1, 0, 0
;__Lib_MathDouble.c,2347 :: 		
0x0564	0x6E00      	MOVWF       R0, 0
;__Lib_MathDouble.c,2348 :: 		
0x0566	0x6A01      	CLRF        R1, 0
;__Lib_MathDouble.c,2349 :: 		
0x0568	0x6A02      	CLRF        R2, 0
;__Lib_MathDouble.c,2350 :: 		
0x056A	0x6A03      	CLRF        R3, 0
;__Lib_MathDouble.c,2353 :: 		
0x056C	0x6A0B      	CLRF        R11, 0
;__Lib_MathDouble.c,2354 :: 		
0x056E	0x6A0C      	CLRF        R12, 0
;__Lib_MathDouble.c,2356 :: 		
0x0570	0x0E96      	MOVLW       150
;__Lib_MathDouble.c,2357 :: 		
0x0572	0x6E03      	MOVWF       R3, 0
;__Lib_MathDouble.c,2358 :: 		
0x0574	0x6A0A      	CLRF        R10, 0
;__Lib_MathDouble.c,2360 :: 		
0x0576	0xF001C000  	MOVFF       R0, R1
;__Lib_MathDouble.c,2361 :: 		
0x057A	0xF000C008  	MOVFF       R8, R0
;__Lib_MathDouble.c,2362 :: 		
0x057E	0x6A08      	CLRF        R8, 0
;__Lib_MathDouble.c,2363 :: 		
0x0580	0x6A02      	CLRF        R2, 0
;__Lib_MathDouble.c,2365 :: 		
0x0582	0xDDC9      	RCALL       _NRM3232
;__Lib_MathDouble.c,2366 :: 		
L_end_word2double:
0x0584	0x0012      	RETURN      0
; end of _word2double
_main:
0x0586	0xF003EC4D  	CALL        1690, 0
;Exemplo_11_ADC_LCD.c,47 :: 		void main(){
;Exemplo_11_ADC_LCD.c,49 :: 		unsigned int Valor_ADC = 0;  // var. para leitura
;Exemplo_11_ADC_LCD.c,53 :: 		TRISA.RA5 = 1;
0x058A	0x8A92      	BSF         TRISA, 5 
;Exemplo_11_ADC_LCD.c,54 :: 		ADCON1 = 0B00000000; //Configura todos os canais como ADC no PIC18F4450
0x058C	0x6AC1      	CLRF        ADCON1 
;Exemplo_11_ADC_LCD.c,58 :: 		Lcd_Init();                 // Inicializa a lib. Lcd
0x058E	0xDE53      	RCALL       _Lcd_Init
;Exemplo_11_ADC_LCD.c,59 :: 		Lcd_Cmd(_LCD_CLEAR);       // Clear display
0x0590	0x0E01      	MOVLW       1
0x0592	0x6E33      	MOVWF       FARG_Lcd_Cmd_out_char 
0x0594	0xDD6A      	RCALL       _Lcd_Cmd
;Exemplo_11_ADC_LCD.c,60 :: 		Lcd_Cmd(_LCD_CURSOR_OFF);  // Cursor off
0x0596	0x0E0C      	MOVLW       12
0x0598	0x6E33      	MOVWF       FARG_Lcd_Cmd_out_char 
0x059A	0xDD67      	RCALL       _Lcd_Cmd
;Exemplo_11_ADC_LCD.c,61 :: 		Lcd_Out(1,1,"ADC0:");   //Escreve na Linha x Coluna do LCD o texto(valor do ADC)
0x059C	0x0E01      	MOVLW       1
0x059E	0x6E2D      	MOVWF       FARG_Lcd_Out_row 
0x05A0	0x0E01      	MOVLW       1
0x05A2	0x6E2E      	MOVWF       FARG_Lcd_Out_column 
0x05A4	0x0E15      	MOVLW       ?lstr1_Exemplo_11_ADC_LCD
0x05A6	0x6E2F      	MOVWF       FARG_Lcd_Out_text 
0x05A8	0x0E00      	MOVLW       hi_addr(?lstr1_Exemplo_11_ADC_LCD)
0x05AA	0x6E30      	MOVWF       FARG_Lcd_Out_text+1 
0x05AC	0xDE07      	RCALL       _Lcd_Out
;Exemplo_11_ADC_LCD.c,63 :: 		ADC_Init();  // uso da função da biblioteca ADC do próprio compilador
0x05AE	0xDFA6      	RCALL       _ADC_Init
;Exemplo_11_ADC_LCD.c,66 :: 		while(TRUE)
L_main0:
;Exemplo_11_ADC_LCD.c,68 :: 		Valor_ADC = ADC_Read(4); // função da biblioteca ADC do compilador para
0x05B0	0x0E04      	MOVLW       4
0x05B2	0x6E2D      	MOVWF       FARG_ADC_Read_channel 
0x05B4	0xDFB5      	RCALL       _ADC_Read
;Exemplo_11_ADC_LCD.c,76 :: 		Valor_ADC = Valor_ADC * (1234/1023.); // formata o valor de entrada (neste caso o valor de exemplo '1234')
0x05B6	0xDFD3      	RCALL       _word2double
0x05B8	0x0E9A      	MOVLW       154
0x05BA	0x6E04      	MOVWF       R4 
0x05BC	0x0E66      	MOVLW       102
0x05BE	0x6E05      	MOVWF       R5 
0x05C0	0x0E1A      	MOVLW       26
0x05C2	0x6E06      	MOVWF       R6 
0x05C4	0x0E7F      	MOVLW       127
0x05C6	0x6E07      	MOVWF       R7 
0x05C8	0xDE81      	RCALL       _Mul_32x32_FP
0x05CA	0xDF10      	RCALL       _double2word
0x05CC	0xF02BC000  	MOVFF       R0, FLOC__main
0x05D0	0xF02CC001  	MOVFF       R1, FLOC__main+1
0x05D4	0x0EE8      	MOVLW       232
0x05D6	0x6E04      	MOVWF       R4 
0x05D8	0x0E03      	MOVLW       3
0x05DA	0x6E05      	MOVWF       R5 
0x05DC	0xF000C02B  	MOVFF       FLOC__main, R0
0x05E0	0xF001C02C  	MOVFF       FLOC__main+1, R1
0x05E4	0xDF70      	RCALL       _Div_16X16_U
;Exemplo_11_ADC_LCD.c,80 :: 		Tensao[0] = (Valor_ADC/1000) + '0';// div. de 2 n° inteiros - em programação
0x05E6	0x0E30      	MOVLW       48
0x05E8	0x2600      	ADDWF       R0, 1 
0x05EA	0xF021C000  	MOVFF       R0, main_Tensao_L0
;Exemplo_11_ADC_LCD.c,84 :: 		Tensao[1] = (Valor_ADC/100)%10 + '0'; // div. de n° inteiros => 1234/100 = 12
0x05EE	0x0E64      	MOVLW       100
0x05F0	0x6E04      	MOVWF       R4 
0x05F2	0x0E00      	MOVLW       0
0x05F4	0x6E05      	MOVWF       R5 
0x05F6	0xF000C02B  	MOVFF       FLOC__main, R0
0x05FA	0xF001C02C  	MOVFF       FLOC__main+1, R1
0x05FE	0xDF63      	RCALL       _Div_16X16_U
0x0600	0x0E0A      	MOVLW       10
0x0602	0x6E04      	MOVWF       R4 
0x0604	0x0E00      	MOVLW       0
0x0606	0x6E05      	MOVWF       R5 
0x0608	0xDF5E      	RCALL       _Div_16X16_U
0x060A	0xF000C008  	MOVFF       R8, R0
0x060E	0xF001C009  	MOVFF       R9, R1
0x0612	0x0E30      	MOVLW       48
0x0614	0x2400      	ADDWF       R0, 0 
0x0616	0x6E22      	MOVWF       main_Tensao_L0+1 
;Exemplo_11_ADC_LCD.c,88 :: 		Tensao[2] = '.';    //3° valor corresponde ao ponto - ex. 12.34
0x0618	0x0E2E      	MOVLW       46
0x061A	0x6E23      	MOVWF       main_Tensao_L0+2 
;Exemplo_11_ADC_LCD.c,90 :: 		Tensao[3] = (Valor_ADC/10)%10 + '0'; // 4° valor é a 1ªcasa decimal, portanto:
0x061C	0x0E0A      	MOVLW       10
0x061E	0x6E04      	MOVWF       R4 
0x0620	0x0E00      	MOVLW       0
0x0622	0x6E05      	MOVWF       R5 
0x0624	0xF000C02B  	MOVFF       FLOC__main, R0
0x0628	0xF001C02C  	MOVFF       FLOC__main+1, R1
0x062C	0xDF4C      	RCALL       _Div_16X16_U
0x062E	0x0E0A      	MOVLW       10
0x0630	0x6E04      	MOVWF       R4 
0x0632	0x0E00      	MOVLW       0
0x0634	0x6E05      	MOVWF       R5 
0x0636	0xDF47      	RCALL       _Div_16X16_U
0x0638	0xF000C008  	MOVFF       R8, R0
0x063C	0xF001C009  	MOVFF       R9, R1
0x0640	0x0E30      	MOVLW       48
0x0642	0x2400      	ADDWF       R0, 0 
0x0644	0x6E24      	MOVWF       main_Tensao_L0+3 
;Exemplo_11_ADC_LCD.c,92 :: 		Tensao[4] = (Valor_ADC/1)%10 + '0';  // formata o valor da 2ª casa decimal
0x0646	0x0E0A      	MOVLW       10
0x0648	0x6E04      	MOVWF       R4 
0x064A	0x0E00      	MOVLW       0
0x064C	0x6E05      	MOVWF       R5 
0x064E	0xF000C02B  	MOVFF       FLOC__main, R0
0x0652	0xF001C02C  	MOVFF       FLOC__main+1, R1
0x0656	0xDF37      	RCALL       _Div_16X16_U
0x0658	0xF000C008  	MOVFF       R8, R0
0x065C	0xF001C009  	MOVFF       R9, R1
0x0660	0x0E30      	MOVLW       48
0x0662	0x2400      	ADDWF       R0, 0 
0x0664	0x6E25      	MOVWF       main_Tensao_L0+4 
;Exemplo_11_ADC_LCD.c,94 :: 		Tensao[5] = 0; //terminador NULL (ultima posição da matriz - zero indica o
0x0666	0x6A26      	CLRF        main_Tensao_L0+5 
;Exemplo_11_ADC_LCD.c,104 :: 		Lcd_Out(1,6,Tensao); // Mostra os valores no display
0x0668	0x0E01      	MOVLW       1
0x066A	0x6E2D      	MOVWF       FARG_Lcd_Out_row 
0x066C	0x0E06      	MOVLW       6
0x066E	0x6E2E      	MOVWF       FARG_Lcd_Out_column 
0x0670	0x0E21      	MOVLW       main_Tensao_L0
0x0672	0x6E2F      	MOVWF       FARG_Lcd_Out_text 
0x0674	0x0E00      	MOVLW       hi_addr(main_Tensao_L0)
0x0676	0x6E30      	MOVWF       FARG_Lcd_Out_text+1 
0x0678	0xDDA1      	RCALL       _Lcd_Out
;Exemplo_11_ADC_LCD.c,105 :: 		Delay_ms(20);   // atualizar display
0x067A	0x0E34      	MOVLW       52
0x067C	0x6E0C      	MOVWF       R12, 0
0x067E	0x0EF1      	MOVLW       241
0x0680	0x6E0D      	MOVWF       R13, 0
L_main2:
0x0682	0x2E0D      	DECFSZ      R13, 1, 0
0x0684	0xD7FE      	BRA         L_main2
0x0686	0x2E0C      	DECFSZ      R12, 1, 0
0x0688	0xD7FC      	BRA         L_main2
0x068A	0x0000      	NOP
0x068C	0x0000      	NOP
;Exemplo_11_ADC_LCD.c,106 :: 		}
0x068E	0xD790      	BRA         L_main0
;Exemplo_11_ADC_LCD.c,107 :: 		}
L_end_main:
0x0690	0xD7FF      	BRA         $+0
; end of _main
0x069A	0xF015EE10  	LFSR        1, 21
0x069E	0x0E07      	MOVLW       7
0x06A0	0x6E00      	MOVWF       R0 
0x06A2	0x0E01      	MOVLW       1
0x06A4	0x6E01      	MOVWF       R1 
0x06A6	0x0E92      	MOVLW       146
0x06A8	0x6EF6      	MOVWF       4086 
0x06AA	0x0E06      	MOVLW       6
0x06AC	0x6EF7      	MOVWF       TBLPTRH 
0x06AE	0x0E00      	MOVLW       0
0x06B0	0x6EF8      	MOVWF       TBLPTRU 
0x06B2	0xF000ECD6  	CALL        428, 0
0x06B6	0x0012      	RETURN      0
;Exemplo_11_ADC_LCD.c,0 :: ?ICS?lstr1_Exemplo_11_ADC_LCD
0x0692	0x4441 ;?ICS?lstr1_Exemplo_11_ADC_LCD+0
0x0694	0x3043 ;?ICS?lstr1_Exemplo_11_ADC_LCD+2
0x0696	0x003A ;?ICS?lstr1_Exemplo_11_ADC_LCD+4
; end of ?ICS?lstr1_Exemplo_11_ADC_LCD
;__Lib_ADC_A_D.c,0 :: ?ICS_vref_mask
0x0698	0x30 ;?ICS_vref_mask+0
; end of ?ICS_vref_mask
Symbol List:
//** Routines locations **
//ADDRESS    SIZE    PROCEDURE
//----------------------------------------------
0x001C       [6]    _Delay_1us
0x0022      [10]    _Delay_50us
0x002C      [22]    _Delay_5500us
0x0042      [26]    _SETFUN32
0x005C      [14]    _RES032
0x006A     [124]    _Lcd_Cmd
0x00E6       [8]    _FIXSIGN32
0x00EE      [28]    _SETIOV3224
0x010A      [12]    _Delay_22us
0x0116     [114]    _NRM3232
0x0188      [12]    _Lcd_Chr_CP
0x0194      [24]    _SETFOV32
0x01AC      [16]    ___CC2DW
0x01BC     [122]    _Lcd_Out
0x0236     [150]    _Lcd_Init
0x02CC     [288]    _Mul_32x32_FP
0x03EC     [218]    _double2word
0x04C6      [54]    _Div_16X16_U
0x04FC      [36]    _ADC_Init
0x0520      [62]    _ADC_Read
0x055E      [40]    _word2double
0x0586     [268]    _main
//** Variables locations ** 
//ADDRESS    SIZE    VARIABLE
//----------------------------------------------
0x0000       [1]    R0
0x0001       [1]    R1
0x0001       [1]    __Lib_Conversions_Adjust_Hex_tmp_L0
0x0002       [2]    memset_pp_L0
0x0002       [2]    memcpy_dd_L0
0x0002       [1]    R2
0x0002       [2]    memchr_s_L0
0x0002       [2]    strlen_cp_L0
0x0003       [1]    R3
0x0003       [2]    memmove_tt_L0
0x0003       [2]    Ltrim_original_L0
0x0004       [2]    strncat_cp_L0
0x0004       [2]    strncpy_cp_L0
0x0004       [2]    memcpy_ss_L0
0x0004       [1]    R4
0x0004       [2]    strcpy_cp_L0
0x0004       [2]    strcat_cp_L0
0x0005       [2]    Ltrim_p_L0
0x0005       [2]    memmove_ff_L0
0x0005       [2]    LongIntToHex_input_half_L0
0x0005       [2]    LongWordToHex_input_half_L0
0x0005       [1]    R5
0x0006       [1]    R6
0x0007       [1]    R7
0x0008       [1]    R8
0x0009       [1]    R9
0x000A       [1]    R10
0x000B       [1]    R11
0x000C       [1]    R12
0x000D       [1]    R13
0x000E       [1]    R14
0x000F       [1]    R15
0x0010       [1]    R16
0x0011       [1]    R17
0x0012       [1]    R18
0x0013       [1]    R19
0x0014       [1]    R20
0x0015       [6]    ?lstr1_Exemplo_11_ADC_LCD
0x001B       [1]    _vref_mask
0x001C       [0]    __Lib_Lcd_cmd_status
0x001D       [4]    _ADC_Get_Sample_Ptr
0x0021      [10]    main_Tensao_L0
0x002B       [2]    FLOC__main
0x002D       [1]    FARG_Lcd_Out_row
0x002D       [1]    FARG_ADC_Read_channel
0x002E       [1]    FARG_Lcd_Out_column
0x002F       [2]    FARG_Lcd_Out_text
0x0031       [1]    Lcd_Out_i_L0
0x0032       [1]    FARG_Lcd_Chr_CP_out_char
0x0033       [1]    FARG_Lcd_Cmd_out_char
0x0F8A       [0]    LCD_D4
0x0F8A       [0]    LCD_D5
0x0F8A       [0]    LCD_D6
0x0F8A       [0]    LCD_EN
0x0F8A       [0]    LCD_RS
0x0F8A       [0]    LATB2_bit
0x0F8A       [0]    LATB1_bit
0x0F8A       [0]    LATB0_bit
0x0F8A       [0]    LATB3_bit
0x0F8A       [0]    LATB5_bit
0x0F8A       [0]    LCD_D7
0x0F8A       [0]    LATB4_bit
0x0F92       [1]    TRISA
0x0F93       [0]    LCD_D7_Direction
0x0F93       [0]    TRISB5_bit
0x0F93       [0]    LCD_D6_Direction
0x0F93       [0]    LCD_EN_Direction
0x0F93       [0]    LCD_RS_Direction
0x0F93       [0]    LCD_D5_Direction
0x0F93       [0]    LCD_D4_Direction
0x0F93       [0]    TRISB2_bit
0x0F93       [0]    TRISB0_bit
0x0F93       [0]    TRISB1_bit
0x0F93       [0]    TRISB4_bit
0x0F93       [0]    TRISB3_bit
0x0FC0       [1]    ADCON2
0x0FC1       [1]    ADCON1
0x0FC2       [1]    ADCON0
0x0FC3       [1]    ADRESL
0x0FC4       [1]    ADRESH
0x0FD8       [1]    STATUS
0x0FD9       [1]    FSR2L
0x0FDA       [1]    FSR2H
0x0FDE       [1]    POSTINC2
0x0FE0       [1]    BSR
0x0FE1       [1]    FSR1L
0x0FE2       [1]    FSR1H
0x0FE4       [1]    PREINC1
0x0FE6       [1]    POSTINC1
0x0FE7       [1]    INDF1
0x0FE8       [1]    WREG
0x0FE9       [1]    FSR0L
0x0FEA       [1]    FSR0H
0x0FEE       [1]    POSTINC0
0x0FF3       [1]    PRODL
0x0FF4       [1]    PRODH
0x0FF5       [1]    TABLAT
0x0FF6       [1]    TBLPTRL
0x0FF7       [1]    TBLPTRH
0x0FF8       [1]    TBLPTRU
//** Constants locations ** 
//ADDRESS    SIZE    CONSTANT
//----------------------------------------------
0x0692       [6]    ?ICS?lstr1_Exemplo_11_ADC_LCD
0x0698       [1]    ?ICS_vref_mask
